

Version:	3.50
CmdLine:	C:\Users\Admin\Desktop\DONE PROJECTS\MazeRunner\out\artifacts\MazeRunner_jar\MazeRunner.exe --l4j-debug
JNI:		No
WOW64:		Yes
Working dir:	C:\Users\Admin\Desktop\DONE PROJECTS\MazeRunner\out\artifacts\MazeRunner_jar\.
Requires JDK:	No
Requires 64-Bit: No
Java min ver:	1.008.000
Java max ver:	
Substitute:	JAVA_HOME = G:\jdk-22.0.2\bin
Substitute:	PATH = C:\Users\Admin\AppData\Local\GitHubDesktop\bin;C:\Program;Files\MySQL\MySQL;Shell;8.0\bin\;C:\Users\Admin\AppData\Local\Microsoft\WindowsApps;G:\PyCharm;Community;Edition;2024.2\bin;%IntelliJ;IDEA%;%IntelliJ;IDEA;Community;Edition%;G:\Microsoft;VS;Code\bin;C:\Users\Admin\AppData\Roaming\npm;C:\ProgramData\Admin\GitHubDesktop\bin;C:\Program;Files\MySQL\MySQL;Shell;8.0\bin\;G:\PyCharm;Community;Edition;2024.2\bin;%IntelliJ;IDEA%;%IntelliJ;IDEA;Community;Edition%;G:\Microsoft;VS;Code\bin;C:\Program;Files\MySQL\MySQL;Shell;8.0\bin\;G:\PyCharm;Community;Edition;2024.2\bin;%IntelliJ;IDEA%;%IntelliJ;IDEA;Community;Edition%;G:\Microsoft;VS;Code\bin;C:\Program;Files\MySQL\MySQL;Shell;8.0\bin\;G:\PyCharm;Community;Edition;2024.2\bin;%IntelliJ;IDEA%;%IntelliJ;IDEA;Community;Edition%;G:\Microsoft;VS;Code\bin;C:\Program;Files\MySQL\MySQL;Shell;8.0\bin\;G:\PyCharm;Community;Edition;2024.2\bin;%IntelliJ;IDEA%;%IntelliJ;IDEA;Community;Edition%;G:\Microsoft;VS;Code\bin;C:\Program;Files\MySQL\MySQL;Shell;8.0\bin\;G:\PyCharm;Co;C:\Program;Files\MySQL\MySQL;Shell;8.0\bin\;G:\PyCharm;Community;Edition;2024.2\bin;%IntelliJ;IDEA%;%IntelliJ;IDEA;Community;Edition%;G:\Microsoft;VS;Code\bin;C:\Program Files\MySQL\MySQL Shell 8.0\bin\;C:\Users\Admin\AppData\Local\Microsoft\WindowsApps;G:\PyCharm Community Edition 2024.2\bin;;%IntelliJ IDEA%;%IntelliJ IDEA Community Edition%;G:\Microsoft VS Code\bin;C:\Users\Admin\AppData\Roaming\npm;C:\Users\Admin\AppData\Local\GitHubDesktop\bin;C:\ProgramData\Admin\GitHubDesktop\bin;G:\jdk-22.0.2\bin
JRE paths:	G:\jdk-22.0.2\bin;C:\Users\Admin\AppData\Local\GitHubDesktop\bin;C:\Program;Files\MySQL\MySQL;Shell;8.0\bin\;C:\Users\Admin\AppData\Local\Microsoft\WindowsApps;G:\PyCharm;Community;Edition;2024.2\bin;%IntelliJ;IDEA%;%IntelliJ;IDEA;Community;Edition%;G:\Microsoft;VS;Code\bin;C:\Users\Admin\AppData\Roaming\npm;C:\ProgramData\Admin\GitHubDesktop\bin;C:\Program;Files\MySQL\MySQL;Shell;8.0\bin\;G:\PyCharm;Community;Edition;2024.2\bin;%IntelliJ;IDEA%;%IntelliJ;IDEA;Community;Edition%;G:\Microsoft;VS;Code\bin;C:\Program;Files\MySQL\MySQL;Shell;8.0\bin\;G:\PyCharm;Community;Edition;2024.2\bin;%IntelliJ;IDEA%;%IntelliJ;IDEA;Community;Edition%;G:\Microsoft;VS;Code\bin;C:\Program;Files\MySQL\MySQL;Shell;8.0\bin\;G:\PyCharm;Community;Edition;2024.2\bin;%IntelliJ;IDEA%;%IntelliJ;IDEA;Community;Edition%;G:\Microsoft;VS;Code\bin;C:\Program;Files\MySQL\MySQL;Shell;8.0\bin\;G:\PyCharm;Community;Edition;2024.2\bin;%IntelliJ;IDEA%;%IntelliJ;IDEA;Community;Edition%;G:\Microsoft;VS;Code\bin;C:\Program;Files\MySQL\MySQL;Shell;8.0\bin\;G:\PyCharm;Co;C:\Program;Files\MySQL\MySQL;Shell;8.0\bin\;G:\PyCharm;Community;Edition;2024.2\bin;%IntelliJ;IDEA%;%IntelliJ;IDEA;Community;Edition%;G:\Microsoft;VS;Code\bin;C:\Program Files\MySQL\MySQL Shell 8.0\bin\;C:\Users\Admin\AppData\Local\Microsoft\WindowsApps;G:\PyCharm Community Edition 2024.2\bin;;%IntelliJ IDEA%;%IntelliJ IDEA Community Edition%;G:\Microsoft VS Code\bin;C:\Users\Admin\AppData\Roaming\npm;C:\Users\Admin\AppData\Local\GitHubDesktop\bin;C:\ProgramData\Admin\GitHubDesktop\bin;G:\jdk-22.0.2\bin
Check launcher:	G:\jdk-22.0.2\bin\javaw.exe (OK)
Version string: 1.022.000_002 / 64-Bit (OK)
Launcher:	G:\jdk-22.0.2\bin\javaw.exe
Launcher args:	-jar "C:\Users\Admin\Desktop\DONE PROJECTS\MazeRunner\out\artifacts\MazeRunner_jar\MazeRunner.exe"
Args length:	98/32768 chars
Exit code:	0


Version:	3.50
CmdLine:	C:\Users\Admin\Desktop\DONE PROJECTS\MazeRunner\out\artifacts\MazeRunner_jar\MazeRunner.exe --l4j-debug
JNI:		No
WOW64:		Yes
Working dir:	C:\Users\Admin\Desktop\DONE PROJECTS\MazeRunner\out\artifacts\MazeRunner_jar\.
Requires JDK:	No
Requires 64-Bit: No
Java min ver:	1.008.000
Java max ver:	
Substitute:	JAVA_HOME = G:\jdk-22.0.2\bin
JRE paths:	G:\jdk-22.0.2\bin
Check launcher:	G:\jdk-22.0.2\bin\javaw.exe (OK)
Version string: 1.022.000_002 / 64-Bit (OK)
Launcher:	G:\jdk-22.0.2\bin\javaw.exe
Launcher args:	-jar "C:\Users\Admin\Desktop\DONE PROJECTS\MazeRunner\out\artifacts\MazeRunner_jar\MazeRunner.exe"
Args length:	98/32768 chars
Exit code:	0
